TN:
SF:01-requestcount.js
FNF:0
FNH:0
DA:1,1
DA:2,1
DA:3,1
DA:4,1
DA:5,1
DA:6,1
DA:7,1
DA:8,1
DA:9,1
DA:10,1
DA:11,1
DA:12,1
DA:13,1
DA:14,1
DA:15,12
DA:16,12
DA:17,12
DA:18,1
DA:19,1
DA:20,10
DA:21,1
DA:22,1
DA:23,1
DA:24,0
DA:25,1
DA:26,1
DA:27,1
DA:28,2
DA:29,1
DA:30,1
DA:31,1
LF:31
LH:30
BRDA:14,0,0,12
BRDA:19,1,0,10
BRDA:27,2,0,2
BRF:3
BRH:3
end_of_record
TN:
SF:02-ratelimitter.js
FNF:0
FNH:0
DA:1,1
DA:2,1
DA:3,1
DA:4,1
DA:5,1
DA:6,1
DA:7,1
DA:8,1
DA:9,1
DA:10,1
DA:11,1
DA:12,1
DA:13,1
DA:14,1
DA:15,1
DA:16,1
DA:17,1
DA:18,1
DA:19,2
DA:20,1
DA:21,1
DA:22,1
DA:23,13
DA:24,13
DA:25,13
DA:26,0
DA:27,0
DA:28,13
DA:29,13
DA:30,2
DA:31,2
DA:32,13
DA:33,13
DA:34,13
DA:35,13
DA:36,7
DA:37,7
DA:38,6
DA:39,6
DA:40,6
DA:41,1
DA:42,1
DA:43,6
DA:44,1
DA:45,1
DA:46,1
DA:47,0
DA:48,1
DA:49,1
DA:50,1
LF:50
LH:47
BRDA:18,0,0,2
BRDA:22,1,0,13
BRDA:25,2,0,0
BRDA:29,3,0,2
BRDA:35,4,0,7
BRDA:37,5,0,6
BRDA:42,6,0,6
BRF:7
BRH:6
end_of_record
TN:
SF:03-errorcount.js
FNF:0
FNH:0
DA:1,1
DA:2,1
DA:3,1
DA:4,1
DA:5,1
DA:6,1
DA:7,1
DA:8,1
DA:9,1
DA:10,1
DA:11,1
DA:12,1
DA:13,1
DA:14,11
DA:15,0
DA:16,1
DA:17,1
DA:18,1
DA:19,0
DA:20,1
DA:21,1
DA:22,1
DA:23,2
DA:24,1
DA:25,1
DA:26,1
DA:27,11
DA:28,11
DA:29,11
DA:30,1
DA:31,1
LF:31
LH:29
BRDA:13,0,0,11
BRDA:14,1,0,0
BRDA:22,2,0,2
BRDA:26,3,0,11
BRF:4
BRH:3
end_of_record
